2025-08-29 18:59:15,507 - INFO - urlqr - FastAPI application has started successfully.
2025-08-29 19:02:33,862 - INFO - urlqr - FastAPI application is shutting down.
2025-08-29 19:02:39,845 - INFO - urlqr - FastAPI application has started successfully.
2025-08-29 19:02:54,494 - INFO - urlqr - Serving frontend index.html
2025-08-29 19:02:58,501 - INFO - app.api.v1.qr - Received QR generation request for URL: https://www.youtube.com/watch?v=Ou9j73aWgyE&list=PLdpzxOOAlwvIKMhk8WhzN1pYoJ1YU8Csa
2025-08-29 19:02:58,501 - INFO - urlqr - Generating QR code for URL: https://www.youtube.com/watch?v=Ou9j73aWgyE&list=PLdpzxOOAlwvIKMhk8WhzN1pYoJ1YU8Csa
2025-08-29 19:02:58,586 - INFO - urlqr - QR code generation completed successfully.
2025-08-29 19:02:58,587 - INFO - app.api.v1.qr - QR code generated successfully.
2025-08-29 20:02:39,057 - INFO - urlqr - FastAPI application is shutting down.
2025-08-29 20:02:42,418 - INFO - urlqr - FastAPI application has started successfully.
2025-08-29 20:04:23,406 - INFO - urlqr - FastAPI application is shutting down.
2025-08-29 20:04:25,383 - INFO - urlqr - FastAPI application has started successfully.
2025-08-29 20:06:25,411 - INFO - urlqr - FastAPI application is shutting down.
2025-08-29 20:06:27,403 - INFO - urlqr - FastAPI application has started successfully.
2025-08-29 20:08:54,285 - INFO - urlqr - FastAPI application is shutting down.
2025-08-29 20:08:56,585 - INFO - urlqr - FastAPI application has started successfully.
2025-08-29 20:09:27,638 - INFO - urlqr - FastAPI application is shutting down.
2025-08-29 20:09:29,763 - INFO - urlqr - FastAPI application has started successfully.
2025-08-29 20:10:11,408 - INFO - urlqr - FastAPI application is shutting down.
2025-08-29 20:10:13,682 - INFO - urlqr - FastAPI application has started successfully.
2025-08-29 20:20:21,124 - INFO - urlqr - FastAPI application is shutting down.
2025-08-29 20:20:23,631 - INFO - urlqr - FastAPI application has started successfully.
2025-08-29 20:20:23,972 - INFO - urlqr - FastAPI application is shutting down.
2025-08-29 20:20:26,402 - INFO - urlqr - FastAPI application has started successfully.
2025-08-30 12:46:34,156 - INFO - urlqr - Application startup
2025-08-30 12:46:53,844 - INFO - app.api.v1.qr - Received QR generation request for URL: https://www.youtube.com/watch?v=Ou9j73aWgyE&list=PLdpzxOOAlwvIKMhk8WhzN1pYoJ1YU8Csa
2025-08-30 12:46:53,844 - INFO - urlqr - Generating QR code for URL: https://www.youtube.com/watch?v=Ou9j73aWgyE&list=PLdpzxOOAlwvIKMhk8WhzN1pYoJ1YU8Csa
2025-08-30 12:46:53,884 - INFO - urlqr - QR code generation completed successfully.
2025-08-30 12:46:53,884 - INFO - app.api.v1.qr - QR code generated successfully.
2025-08-30 13:22:33,385 - INFO - urlqr - Application shutdown
2025-08-30 13:22:34,031 - INFO - urlqr - Application startup
2025-08-30 13:22:45,276 - INFO - urlqr - Application shutdown
2025-08-30 13:22:45,790 - INFO - urlqr - Application startup
2025-08-30 13:39:05,282 - INFO - app.api.v1.qr - Received QR generation request for URL: https://www.youtube.com/watch?v=Ou9j73aWgyE&list=PLdpzxOOAlwvIKMhk8WhzN1pYoJ1YU8Csa
2025-08-30 13:39:05,283 - INFO - urlqr - Generating QR code for URL: https://www.youtube.com/watch?v=Ou9j73aWgyE&list=PLdpzxOOAlwvIKMhk8WhzN1pYoJ1YU8Csa
2025-08-30 13:39:05,378 - INFO - urlqr - QR code generation completed successfully.
2025-08-30 13:39:05,379 - INFO - app.api.v1.qr - QR code generated successfully.
2025-08-30 13:39:35,621 - INFO - app.api.v1.qr - Received QR generation request for URL: https://example.com/
2025-08-30 13:39:35,621 - INFO - urlqr - Generating QR code for URL: https://example.com/
2025-08-30 13:39:35,645 - INFO - urlqr - QR code generation completed successfully.
2025-08-30 13:39:35,646 - INFO - app.api.v1.qr - QR code generated successfully.
2025-08-30 14:11:38,652 - INFO - urlqr - Application shutdown
2025-08-30 14:11:39,898 - INFO - urlqr - Application startup
2025-08-30 15:02:54,437 - INFO - urlqr - Application shutdown
2025-08-30 15:02:55,478 - INFO - urlqr - Application startup
2025-08-30 15:20:49,676 - INFO - urlqr - Application shutdown
2025-08-30 15:20:50,756 - INFO - urlqr - Application startup
2025-08-30 15:23:34,136 - INFO - urlqr - Application shutdown
2025-08-30 15:23:35,011 - INFO - urlqr - Application startup
2025-08-30 15:25:13,927 - INFO - urlqr - Application shutdown
2025-08-30 15:25:14,876 - INFO - urlqr - Application startup
2025-08-30 15:26:30,434 - INFO - urlqr - Application shutdown
2025-08-30 15:26:31,394 - INFO - urlqr - Application startup
2025-08-30 15:32:02,573 - INFO - urlqr - Application shutdown
2025-08-30 15:32:05,102 - INFO - urlqr - Application startup
2025-08-30 15:34:45,527 - INFO - urlqr - Application shutdown
2025-08-30 15:34:47,665 - INFO - urlqr - Application startup
2025-08-30 15:35:38,912 - INFO - urlqr - Application shutdown
2025-08-30 15:35:40,999 - INFO - urlqr - Application startup
2025-08-30 16:26:47,729 - INFO - app.api.v1.qr - Received QR generation request for URL: https://www.youtube.com/watch?v=Ou9j73aWgyE&list=PLdpzxOOAlwvIKMhk8WhzN1pYoJ1YU8Csa
2025-08-30 16:26:47,730 - INFO - urlqr - Generating QR code for URL: https://www.youtube.com/watch?v=Ou9j73aWgyE&list=PLdpzxOOAlwvIKMhk8WhzN1pYoJ1YU8Csa
2025-08-30 16:26:47,864 - INFO - urlqr - QR code generation completed successfully.
2025-08-30 16:26:47,865 - INFO - app.api.v1.qr - QR code generated successfully.
2025-08-30 16:57:01,169 - INFO - urlqr - Application shutdown
2025-08-30 16:57:03,449 - INFO - urlqr - Application startup
